# JRE version: Java(TM) SE Runtime Environment (7.0_51-b13) (build 1.7.0_51-b13)
# Java VM: Java HotSpot(TM) Client VM (24.51-b03 mixed mode windows-x86 )
Heap
 def new generation   total 4928K, used 1578K [0x046d0000, 0x04c20000, 0x09c20000)
  eden space 4416K,  27% used [0x046d0000, 0x047fa1e8, 0x04b20000)
  from space 512K,  75% used [0x04ba0000, 0x04c007a0, 0x04c20000)
  to   space 512K,   0% used [0x04b20000, 0x04b20000, 0x04ba0000)
 tenured generation   total 10944K, used 6654K [0x09c20000, 0x0a6d0000, 0x146d0000)
   the space 10944K,  60% used [0x09c20000, 0x0a29f988, 0x0a29fa00, 0x0a6d0000)
 compacting perm gen  total 12288K, used 11242K [0x146d0000, 0x152d0000, 0x186d0000)
   the space 12288K,  91% used [0x146d0000, 0x151ca948, 0x151caa00, 0x152d0000)
GC Heap History (10 events):
Event: 2.447 GC heap before
{Heap before GC invocations=10 (full 0):
 def new generation   total 4928K, used 4927K [0x046d0000, 0x04c20000, 0x09c20000)
  eden space 4416K, 100% used [0x046d0000, 0x04b20000, 0x04b20000)
  from space 512K,  99% used [0x04b20000, 0x04b9ff68, 0x04ba0000)
  to   space 512K,   0% used [0x04ba0000, 0x04ba0000, 0x04c20000)
 tenured generation   total 10944K, used 4856K [0x09c20000, 0x0a6d0000, 0x146d0000)
   the space 10944K,  44% used [0x09c20000, 0x0a0de018, 0x0a0de200, 0x0a6d0000)
 compacting perm gen  total 12288K, used 9130K [0x146d0000, 0x152d0000, 0x186d0000)
   the space 12288K,  74% used [0x146d0000, 0x14fba9b8, 0x14fbaa00, 0x152d0000)
No shared spaces configured.
Event: 2.450 GC heap after
Heap after GC invocations=11 (full 0):
 def new generation   total 4928K, used 511K [0x046d0000, 0x04c20000, 0x09c20000)
  eden space 4416K,   0% used [0x046d0000, 0x046d0000, 0x04b20000)
  from space 512K,  99% used [0x04ba0000, 0x04c1fff8, 0x04c20000)
  to   space 512K,   0% used [0x04b20000, 0x04b20000, 0x04ba0000)
 tenured generation   total 10944K, used 4982K [0x09c20000, 0x0a6d0000, 0x146d0000)
   the space 10944K,  45% used [0x09c20000, 0x0a0fd880, 0x0a0fda00, 0x0a6d0000)
 compacting perm gen  total 12288K, used 9130K [0x146d0000, 0x152d0000, 0x186d0000)
   the space 12288K,  74% used [0x146d0000, 0x14fba9b8, 0x14fbaa00, 0x152d0000)
No shared spaces configured.
}
Event: 18.669 GC heap before
{Heap before GC invocations=11 (full 0):
 def new generation   total 4928K, used 4927K [0x046d0000, 0x04c20000, 0x09c20000)
  eden space 4416K, 100% used [0x046d0000, 0x04b20000, 0x04b20000)
  from space 512K,  99% used [0x04ba0000, 0x04c1fff8, 0x04c20000)
  to   space 512K,   0% used [0x04b20000, 0x04b20000, 0x04ba0000)
 tenured generation   total 10944K, used 4982K [0x09c20000, 0x0a6d0000, 0x146d0000)
   the space 10944K,  45% used [0x09c20000, 0x0a0fd880, 0x0a0fda00, 0x0a6d0000)
 compacting perm gen  total 12288K, used 9623K [0x146d0000, 0x152d0000, 0x186d0000)
   the space 12288K,  78% used [0x146d0000, 0x15035f20, 0x15036000, 0x152d0000)
No shared spaces configured.
Event: 18.671 GC heap after
Heap after GC invocations=12 (full 0):
 def new generation   total 4928K, used 512K [0x046d0000, 0x04c20000, 0x09c20000)
  eden space 4416K,   0% used [0x046d0000, 0x046d0000, 0x04b20000)
  from space 512K, 100% used [0x04b20000, 0x04ba0000, 0x04ba0000)
  to   space 512K,   0% used [0x04ba0000, 0x04ba0000, 0x04c20000)
 tenured generation   total 10944K, used 5159K [0x09c20000, 0x0a6d0000, 0x146d0000)
   the space 10944K,  47% used [0x09c20000, 0x0a129c88, 0x0a129e00, 0x0a6d0000)
 compacting perm gen  total 12288K, used 9623K [0x146d0000, 0x152d0000, 0x186d0000)
   the space 12288K,  78% used [0x146d0000, 0x15035f20, 0x15036000, 0x152d0000)
No shared spaces configured.
}
Event: 18.755 GC heap before
{Heap before GC invocations=12 (full 0):
 def new generation   total 4928K, used 4928K [0x046d0000, 0x04c20000, 0x09c20000)
  eden space 4416K, 100% used [0x046d0000, 0x04b20000, 0x04b20000)
  from space 512K, 100% used [0x04b20000, 0x04ba0000, 0x04ba0000)
  to   space 512K,   0% used [0x04ba0000, 0x04ba0000, 0x04c20000)
 tenured generation   total 10944K, used 5159K [0x09c20000, 0x0a6d0000, 0x146d0000)
   the space 10944K,  47% used [0x09c20000, 0x0a129c88, 0x0a129e00, 0x0a6d0000)
 compacting perm gen  total 12288K, used 10318K [0x146d0000, 0x152d0000, 0x186d0000)
   the space 12288K,  83% used [0x146d0000, 0x150e3a38, 0x150e3c00, 0x152d0000)
No shared spaces configured.
Event: 18.757 GC heap after
Heap after GC invocations=13 (full 0):
 def new generation   total 4928K, used 511K [0x046d0000, 0x04c20000, 0x09c20000)
  eden space 4416K,   0% used [0x046d0000, 0x046d0000, 0x04b20000)
  from space 512K,  99% used [0x04ba0000, 0x04c1fff8, 0x04c20000)
  to   space 512K,   0% used [0x04b20000, 0x04b20000, 0x04ba0000)
 tenured generation   total 10944K, used 5619K [0x09c20000, 0x0a6d0000, 0x146d0000)
   the space 10944K,  51% used [0x09c20000, 0x0a19cdd8, 0x0a19ce00, 0x0a6d0000)
 compacting perm gen  total 12288K, used 10318K [0x146d0000, 0x152d0000, 0x186d0000)
   the space 12288K,  83% used [0x146d0000, 0x150e3a38, 0x150e3c00, 0x152d0000)
No shared spaces configured.
}
Event: 18.892 GC heap before
{Heap before GC invocations=13 (full 0):
 def new generation   total 4928K, used 4927K [0x046d0000, 0x04c20000, 0x09c20000)
  eden space 4416K, 100% used [0x046d0000, 0x04b20000, 0x04b20000)
  from space 512K,  99% used [0x04ba0000, 0x04c1fff8, 0x04c20000)
  to   space 512K,   0% used [0x04b20000, 0x04b20000, 0x04ba0000)
 tenured generation   total 10944K, used 5619K [0x09c20000, 0x0a6d0000, 0x146d0000)
   the space 10944K,  51% used [0x09c20000, 0x0a19cdd8, 0x0a19ce00, 0x0a6d0000)
 compacting perm gen  total 12288K, used 10998K [0x146d0000, 0x152d0000, 0x186d0000)
   the space 12288K,  89% used [0x146d0000, 0x1518d9e8, 0x1518da00, 0x152d0000)
No shared spaces configured.
Event: 18.895 GC heap after
Heap after GC invocations=14 (full 0):
 def new generation   total 4928K, used 512K [0x046d0000, 0x04c20000, 0x09c20000)
  eden space 4416K,   0% used [0x046d0000, 0x046d0000, 0x04b20000)
  from space 512K, 100% used [0x04b20000, 0x04ba0000, 0x04ba0000)
  to   space 512K,   0% used [0x04ba0000, 0x04ba0000, 0x04c20000)
 tenured generation   total 10944K, used 6278K [0x09c20000, 0x0a6d0000, 0x146d0000)
   the space 10944K,  57% used [0x09c20000, 0x0a241898, 0x0a241a00, 0x0a6d0000)
 compacting perm gen  total 12288K, used 10998K [0x146d0000, 0x152d0000, 0x186d0000)
   the space 12288K,  89% used [0x146d0000, 0x1518d9e8, 0x1518da00, 0x152d0000)
No shared spaces configured.
}
Event: 18.969 GC heap before
{Heap before GC invocations=14 (full 0):
 def new generation   total 4928K, used 4928K [0x046d0000, 0x04c20000, 0x09c20000)
  eden space 4416K, 100% used [0x046d0000, 0x04b20000, 0x04b20000)
  from space 512K, 100% used [0x04b20000, 0x04ba0000, 0x04ba0000)
  to   space 512K,   0% used [0x04ba0000, 0x04ba0000, 0x04c20000)
 tenured generation   total 10944K, used 6278K [0x09c20000, 0x0a6d0000, 0x146d0000)
   the space 10944K,  57% used [0x09c20000, 0x0a241898, 0x0a241a00, 0x0a6d0000)
 compacting perm gen  total 12288K, used 11240K [0x146d0000, 0x152d0000, 0x186d0000)
   the space 12288K,  91% used [0x146d0000, 0x151ca158, 0x151ca200, 0x152d0000)
No shared spaces configured.
Event: 18.971 GC heap after
Heap after GC invocations=15 (full 0):
 def new generation   total 4928K, used 385K [0x046d0000, 0x04c20000, 0x09c20000)
  eden space 4416K,   0% used [0x046d0000, 0x046d0000, 0x04b20000)
  from space 512K,  75% used [0x04ba0000, 0x04c007a0, 0x04c20000)
  to   space 512K,   0% used [0x04b20000, 0x04b20000, 0x04ba0000)
 tenured generation   total 10944K, used 6654K [0x09c20000, 0x0a6d0000, 0x146d0000)
   the space 10944K,  60% used [0x09c20000, 0x0a29f988, 0x0a29fa00, 0x0a6d0000)
 compacting perm gen  total 12288K, used 11240K [0x146d0000, 0x152d0000, 0x186d0000)
   the space 12288K,  91% used [0x146d0000, 0x151ca158, 0x151ca200, 0x152d0000)
No shared spaces configured.
}

